<?xml version="1.0" encoding="UTF-8"?>
<!-- Generated by org.testng.reporters.JUnitReportReporter -->
<testsuite skipped="0" hostname="BDC7-D-CQPBH92" name="com.tests.Test2" tests="1" failures="0" timestamp="03 Jul 2018 06:13:56 GMT" time="10.960" errors="0">
  <testcase name="testGitHubLogin" time="10.960" classname="com.tests.Test2"/>
</testsuite> <!-- com.tests.Test2 -->
